2024-12-01 23:16:30,974 - TradingBot - INFO - [main.py:131] - Инициализировано начальное состояние бота
2024-12-01 23:16:31,348 - TradingBot - INFO - [main.py:77] - API подключен успешно
2024-12-01 23:16:31,614 - TradingBot - INFO - [main.py:835] - Баланс обновлен: 685.10898945 USDT
2024-12-01 23:16:31,880 - TradingBot - INFO - [main.py:835] - Баланс обновлен: 685.10898945 USDT
2024-12-01 23:16:32,163 - TradingBot - INFO - [strategy_manager.py:46] - Смена стратегии: None -> RSI_BB
Причина: Боковой рынок или низкий объем
Параметры рынка:
- Волатильность: 5.36%
- Сила тренда: 0.17%
- Объем относительно среднего: 0.40
2024-12-01 23:16:32,959 - TradingBot - INFO - [main.py:547] - Состояние бота успешно обновлено: 2024-12-01 23:16:32
2024-12-01 23:20:05,915 - TradingBot - INFO - [main.py:547] - Состояние бота успешно обновлено: 2024-12-01 23:20:05
2024-12-01 23:20:05,916 - TradingBot - INFO - [main.py:733] - Бот корректно остановлен
2024-12-01 23:20:42,336 - TradingBot - INFO - [main.py:131] - Инициализировано начальное состояние бота
2024-12-01 23:20:42,681 - TradingBot - INFO - [main.py:77] - API подключен успешно
2024-12-01 23:20:42,951 - TradingBot - INFO - [main.py:835] - Баланс обновлен: 685.10898945 USDT
2024-12-01 23:20:43,216 - TradingBot - INFO - [main.py:835] - Баланс обновлен: 685.10898945 USDT
2024-12-01 23:20:43,507 - TradingBot - INFO - [strategy_manager.py:44] - 
Анализ рыночных условий:
2024-12-01 23:20:43,507 - TradingBot - INFO - [strategy_manager.py:45] - - Волатильность: 0.64%
2024-12-01 23:20:43,507 - TradingBot - INFO - [strategy_manager.py:46] - - Сила тренда: 0.06%
2024-12-01 23:20:43,507 - TradingBot - INFO - [strategy_manager.py:47] - - Объем/Средний: 0.26
2024-12-01 23:20:43,508 - TradingBot - INFO - [strategy_manager.py:48] - - RSI: 49.21
2024-12-01 23:20:43,508 - TradingBot - INFO - [strategy_manager.py:49] - - Изменение цены: 0.04%
2024-12-01 23:20:43,508 - TradingBot - INFO - [strategy_manager.py:64] - 
Смена стратегии: None -> RSI_BB
Причина: Стандартные рыночные условия
Детальные параметры:
- Волатильность: 0.64%
- Сила тренда: 0.06%
- Объем относительно среднего: 0.26
- RSI: 49.21
2024-12-01 23:20:44,307 - TradingBot - INFO - [main.py:547] - Состояние бота успешно обновлено: 2024-12-01 23:20:43
2024-12-01 23:21:00,287 - TradingBot - INFO - [main.py:547] - Состояние бота успешно обновлено: 2024-12-01 23:20:59
2024-12-01 23:21:00,288 - TradingBot - INFO - [main.py:733] - Бот корректно остановлен
2024-12-01 23:21:37,432 - TradingBot - INFO - [main.py:131] - Инициализировано начальное состояние бота
2024-12-01 23:21:37,770 - TradingBot - INFO - [main.py:77] - API подключен успешно
2024-12-01 23:21:38,032 - TradingBot - INFO - [main.py:835] - Баланс обновлен: 685.10898945 USDT
2024-12-01 23:21:38,297 - TradingBot - INFO - [main.py:835] - Баланс обновлен: 685.10898945 USDT
2024-12-01 23:21:38,586 - TradingBot - INFO - [strategy_manager.py:44] - 
Анализ рыночных условий:
2024-12-01 23:21:38,586 - TradingBot - INFO - [strategy_manager.py:45] - - Волатильность: 0.65%
2024-12-01 23:21:38,587 - TradingBot - INFO - [strategy_manager.py:46] - - Сила тренда: 0.05%
2024-12-01 23:21:38,587 - TradingBot - INFO - [strategy_manager.py:47] - - Объем/Средний: 0.28
2024-12-01 23:21:38,587 - TradingBot - INFO - [strategy_manager.py:48] - - RSI: 50.76
2024-12-01 23:21:38,587 - TradingBot - INFO - [strategy_manager.py:49] - - Изменение цены: -0.02%
2024-12-01 23:21:38,587 - TradingBot - INFO - [strategy_manager.py:64] - 
Смена стратегии: None -> RSI_BB
Причина: Стандартные рыночные условия
Детальные параметры:
- Волатильность: 0.65%
- Сила тренда: 0.05%
- Объем относительно среднего: 0.28
- RSI: 50.76
2024-12-01 23:21:39,383 - TradingBot - INFO - [main.py:547] - Состояние бота успешно обновлено: 2024-12-01 23:21:38
2024-12-01 23:22:39,663 - TradingBot - INFO - [main.py:835] - Баланс обновлен: 685.10898945 USDT
2024-12-01 23:22:39,945 - TradingBot - INFO - [strategy_manager.py:44] - 
Анализ рыночных условий:
2024-12-01 23:22:39,946 - TradingBot - INFO - [strategy_manager.py:45] - - Волатильность: 0.66%
2024-12-01 23:22:39,946 - TradingBot - INFO - [strategy_manager.py:46] - - Сила тренда: 0.03%
2024-12-01 23:22:39,946 - TradingBot - INFO - [strategy_manager.py:47] - - Объем/Средний: 0.45
2024-12-01 23:22:39,946 - TradingBot - INFO - [strategy_manager.py:48] - - RSI: 46.35
2024-12-01 23:22:39,946 - TradingBot - INFO - [strategy_manager.py:49] - - Изменение цены: -0.01%
2024-12-01 23:22:40,742 - TradingBot - INFO - [main.py:547] - Состояние бота успешно обновлено: 2024-12-01 23:22:39
2024-12-01 23:23:41,017 - TradingBot - INFO - [main.py:835] - Баланс обновлен: 685.10898945 USDT
2024-12-01 23:23:41,304 - TradingBot - INFO - [strategy_manager.py:44] - 
Анализ рыночных условий:
2024-12-01 23:23:41,304 - TradingBot - INFO - [strategy_manager.py:45] - - Волатильность: 0.66%
2024-12-01 23:23:41,305 - TradingBot - INFO - [strategy_manager.py:46] - - Сила тренда: 0.01%
2024-12-01 23:23:41,305 - TradingBot - INFO - [strategy_manager.py:47] - - Объем/Средний: 3.54
2024-12-01 23:23:41,305 - TradingBot - INFO - [strategy_manager.py:48] - - RSI: 43.39
2024-12-01 23:23:41,305 - TradingBot - INFO - [strategy_manager.py:49] - - Изменение цены: -0.02%
2024-12-01 23:23:42,110 - TradingBot - INFO - [main.py:547] - Состояние бота успешно обновлено: 2024-12-01 23:23:41
2024-12-01 23:23:51,282 - TradingBot - INFO - [main.py:547] - Состояние бота успешно обновлено: 2024-12-01 23:23:50
2024-12-01 23:23:51,284 - TradingBot - INFO - [main.py:733] - Бот корректно остановлен
